<?xml version="1.0" encoding="UTF-8"?>
<testsuite xmlns:xsi="http://www.w3.org/2001/XMLSchema-instance" xsi:noNamespaceSchemaLocation="https://maven.apache.org/surefire/maven-failsafe-plugin/xsd/failsafe-test-report-3.0.xsd" version="3.0" name="testRunner.testRunner" time="9.279" tests="5" errors="0" skipped="0" failures="1">
  <properties>
[...]
</properties>
  <testcase name="runScenario" classname="testRunner.testRunner" time="3.857"/>
  <testcase name="runScenario" classname="testRunner.testRunner" time="1.081"/>
  <testcase name="runScenario" classname="testRunner.testRunner" time="0.828"/>
  <testcase name="runScenario" classname="testRunner.testRunner" time="0.531">
    <failure message="expected [true] but found [false]" type="java.lang.AssertionError">java.lang.AssertionError: expected [true] but found [false]
</failure>
    <system-out><![CDATA[
@PlaceId
Scenario Outline: Verify the duplicacy of PlaceID for "Birmingham"   &amp#27;[90m# src/test/resources/AppFeatures/VerifyPlaceID.feature:11&amp#27;[0m
2021-01-25 02:14:03.075 [INFO ] [TestNG-test=Surefire test-1] ListenerPlugin - Test case started: Verify the duplicacy of PlaceID for "Birmingham"
Searching weather status for :Birmingham
  &amp#27;[32mGiven &amp#27;[0m&amp#27;[32mUser has the &amp#27;[0m&amp#27;[32m&amp#27;[1m"Birmingham"&amp#27;[0m&amp#27;[32m place name&amp#27;[0m                         &amp#27;[90m# stepdefinitions.GetWeatherDetails.user_has_the_place_name(java.lang.String)&amp#27;[0m
  &amp#27;[32mWhen &amp#27;[0m&amp#27;[32mUser calls &amp#27;[0m&amp#27;[32m&amp#27;[1m"GetPlaceAPI"&amp#27;[0m&amp#27;[32m resource url with &amp#27;[0m&amp#27;[32m&amp#27;[1m"GET"&amp#27;[0m&amp#27;[32m http request&amp#27;[0m &amp#27;[90m# stepdefinitions.GetWeatherDetails.user_calls_resource_url_with_http_request(java.lang.String,java.lang.String)&amp#27;[0m
Birmingham WEOID count is 2 which greater than 1
There are multiple places with same Place Name as :Birmingham
  &amp#27;[31mThen &amp#27;[0m&amp#27;[31mVerify &amp#27;[0m&amp#27;[31m&amp#27;[1m"WEOID"&amp#27;[0m&amp#27;[31m count is Equal to &amp#27;[0m&amp#27;[31m&amp#27;[1m1&amp#27;[0m&amp#27;[31m for the given place&amp#27;[0m        &amp#27;[90m# stepdefinitions.GetWeatherDetails.verify_count_is_equal_to_for_the_given_place(java.lang.String,int)&amp#27;[0m
      &amp#27;[31mjava.lang.AssertionError: expected [true] but found [false]
	at org.testng.Assert.fail(Assert.java:99)
	at org.testng.Assert.failNotEquals(Assert.java:1037)
	at org.testng.Assert.assertTrue(Assert.java:45)
	at org.testng.Assert.assertTrue(Assert.java:55)
	at stepdefinitions.GetWeatherDetails.verify_count_is_equal_to_for_the_given_place(GetWeatherDetails.java:85)
	at âœ½.Verify "WEOID" count is Equal to 1 for the given place(file:///C:/BDD_Workspace/MetaWeatherAPITestProject/src/test/resources/AppFeatures/VerifyPlaceID.feature:7)
&amp#27;[0m
2021-01-25 02:14:03.560 [INFO ] [TestNG-test=Surefire test-1] ListenerPlugin - Test case Verify the duplicacy of PlaceID for "Birmingham" finished
2021-01-25 02:14:03.560 [INFO ] [TestNG-test=Surefire test-1] ListenerPlugin - Failed test Verify the duplicacy of PlaceID for "Birmingham"
]]></system-out>
  </testcase>
  <testcase name="runScenario" classname="testRunner.testRunner" time="0.167"/>
</testsuite>