-------------------------------------------------------------------------------
Test set: testRunner.testRunner
-------------------------------------------------------------------------------
Tests run: 5, Failures: 1, Errors: 0, Skipped: 0, Time elapsed: 9.279 s <<< FAILURE! - in testRunner.testRunner
runScenario(testRunner.testRunner)  Time elapsed: 0.531 s  <<< FAILURE!
java.lang.AssertionError: expected [true] but found [false]

